<?xml version="1.0" encoding="UTF-8" ?>
<testsuites errors="0"
            failures="1"
            tests="1">

  <testsuite name="homepage"
    errors="0" failures="1" hostname="" id="" package="homepage" skipped="0"
    tests="1" time="10.32" timestamp="">
  
    <testcase name="Demo test Google" classname="homepage" time="10.32" assertions="4">

    

    

      <failure message="Timed out while waiting for element &lt;button[name=btnK]&gt; to be present for 9000 milliseconds. - expected [0;32m&#34;visible&#34;[0m but got: [0;31m&#34;not found&#34;[0m [0;90m(9342ms)[0m">    at Object.Demo test Google (/Users/pr/GoogleSample/tests/homepage.js:9:10)
    at processTicksAndRejections (internal/process/task_queues.js:97:5)</failure>

    
      <failure message="    at Object.Demo test Google (/Users/pr/GoogleSample/tests/homepage.js:9:10)">    at processTicksAndRejections (internal/process/task_queues.js:97:5)</failure>
    </testcase>
  

  

  
  </testsuite>
</testsuites>
